// 重构日志: 030afe4b
// 重构日志: d1430ccd
// 重构日志: 9a332565
// 重构日志: f73ea8ff
// 重构日志: 446ecf1e
// 重构日志: 28a64cfc
// 重构日志: 51ac88c4
// 重构日志: 36acc2e8
// 重构日志: 97205318
// 同步 ID: 6a2bfc8d @ Fri Jul 17 03:20:20 UTC 2026
// 重构日志: 52467e98
// 重构日志: 5d95cf69
// 重构日志: 7ff05e21
// 重构日志: 298d3e6d
// 重构日志: ae523d07
// 同步 ID: 972ebdc0 @ Sat Jul 18 09:39:16 UTC 2026
// 同步 ID: 560215c7 @ Sat Jul 18 11:12:40 UTC 2026
// 同步 ID: 32ee0701 @ Sun Jul 19 00:41:24 UTC 2026
// 重构日志: 0b13dc10
// 同步 ID: b18af8af @ Sun Jul 19 15:36:36 UTC 2026
// 重构日志: f9b3fff9
// 重构日志: 8ffde4a1
// 同步 ID: bfec8583 @ Mon Jul 20 18:02:04 UTC 2026
// 同步 ID: 2acf0644 @ Mon Jul 20 23:00:38 UTC 2026
// 重构日志: df06ebe0
// 同步 ID: ede4b005 @ Tue Jul 21 06:15:08 UTC 2026
// 重构日志: 507e173d
// 重构日志: ac86547a
// 重构日志: d74111c5
// 同步 ID: ee5e7dc7 @ Thu Jul 23 07:36:31 UTC 2026
